<?xml version="1.0" encoding="UTF-8"?>
<!-- Generated by org.testng.reporters.JUnitReportReporter -->
<testsuite hostname="LAPTOP-MB50M7DV" failures="0" tests="4" name="Practice12.facebookTestNG" time="53.295" errors="0" timestamp="2022-09-17T19:47:32 IST" skipped="0">
  <testcase classname="Practice12.facebookTestNG" name="verifyHelpCenterButton" time="15.350"/>
  <system-out/>
  <testcase classname="Practice12.facebookTestNG" name="verifyGoBackToMessengerButton" time="5.162"/>
  <system-out/>
  <testcase classname="Practice12.facebookTestNG" name="verifyHelpCenterButton" time="26.383"/>
  <system-out/>
  <testcase classname="Practice12.facebookTestNG" name="verifyGoBackToMessengerButton" time="6.400"/>
  <system-out/>
</testsuite> <!-- Practice12.facebookTestNG -->
