<?xml version="1.0" encoding="UTF-8"?>
<!-- Generated by org.testng.reporters.JUnitReportReporter -->
<testsuite hostname="LAPTOP-MB50M7DV" failures="0" tests="2" name="Practice12.VerifyRoompage" time="142.212" errors="0" timestamp="2022-09-14T22:24:00 IST" skipped="0">
  <testcase classname="Practice12.VerifyRoompage" name="verifyGoBackToMessengerButton" time="9.580"/>
  <system-out/>
  <testcase classname="Practice12.VerifyRoompage" name="verifyHelpCenterButton" time="132.632"/>
  <system-out/>
</testsuite> <!-- Practice12.VerifyRoompage -->
