<?xml version="1.0" encoding="UTF-8"?>
<!-- Generated by org.testng.reporters.JUnitReportReporter -->
<testsuite hostname="LAPTOP-MB50M7DV" failures="0" tests="2" name="Practice12.test1" time="17.647" errors="0" timestamp="2022-09-16T23:58:16 IST" skipped="0">
  <testcase classname="Practice12.test1" name="verifyGoBackToMessengerButton" time="8.559"/>
  <system-out/>
  <testcase classname="Practice12.test1" name="verifyHelpCenterButton" time="9.088"/>
  <system-out/>
</testsuite> <!-- Practice12.test1 -->
