<?xml version="1.0" encoding="UTF-8"?>
<!-- Generated by org.testng.reporters.JUnitReportReporter -->
<testsuite hostname="LAPTOP-MB50M7DV" failures="0" tests="1" name="Methods.pp" time="0.009" errors="0" timestamp="2022-09-06T22:40:11 IST" skipped="0">
  <testcase classname="Methods.pp" name="test123" time="0.009"/>
  <system-out/>
</testsuite> <!-- Methods.pp -->
